2024-08-24 16:01:18,880 - INFO - Upgrading pip...
2024-08-24 16:01:18,881 - INFO - Running pip command: install --upgrade pip
2024-08-24 16:01:56,451 - INFO - Command 'install --upgrade pip' executed successfully.
2024-08-24 16:01:56,451 - INFO - pip upgraded successfully.
2024-08-24 16:01:56,451 - INFO - Installing library numpy...
2024-08-24 16:01:56,451 - INFO - Running pip command: install numpy
2024-08-24 16:01:58,155 - INFO - Command 'install numpy' executed successfully.
2024-08-24 16:01:58,155 - INFO - numpy installed successfully.
2024-08-24 16:01:58,155 - INFO - Installing library pandas...
2024-08-24 16:01:58,155 - INFO - Running pip command: install pandas
2024-08-24 16:01:59,273 - INFO - Command 'install pandas' executed successfully.
2024-08-24 16:01:59,279 - INFO - pandas installed successfully.
2024-08-24 16:01:59,279 - INFO - Installing library matplotlib...
2024-08-24 16:01:59,279 - INFO - Running pip command: install matplotlib
2024-08-24 16:02:01,011 - INFO - Command 'install matplotlib' executed successfully.
2024-08-24 16:02:01,011 - INFO - matplotlib installed successfully.
2024-08-24 16:02:01,011 - INFO - Installing library scikit-learn...
2024-08-24 16:02:01,011 - INFO - Running pip command: install scikit-learn
2024-08-24 16:02:02,186 - INFO - Command 'install scikit-learn' executed successfully.
2024-08-24 16:02:02,186 - INFO - scikit-learn installed successfully.
2024-08-24 16:02:02,186 - INFO - Installing library tensorflow...
2024-08-24 16:02:02,186 - INFO - Running pip command: install tensorflow
2024-08-24 16:02:03,363 - INFO - Command 'install tensorflow' executed successfully.
2024-08-24 16:02:03,363 - INFO - tensorflow installed successfully.
2024-08-24 16:02:03,363 - INFO - Installing library requests...
2024-08-24 16:02:03,363 - INFO - Running pip command: install requests
2024-08-24 16:02:04,447 - INFO - Command 'install requests' executed successfully.
2024-08-24 16:02:04,447 - INFO - requests installed successfully.
2024-08-24 16:02:04,447 - INFO - Installation of all libraries completed!
2024-08-24 16:06:35,331 - INFO - Installation of all libraries completed!
